<?xml version="1.0" encoding="UTF-8"?>
<coverage generated="1686704298962" clover="3.2.0">
  <project timestamp="1686704298963" name="All files">
    <metrics statements="3" coveredstatements="3" conditionals="0" coveredconditionals="0" methods="3" coveredmethods="3" elements="6" coveredelements="6" complexity="0" loc="3" ncloc="3" packages="2" files="2" classes="2"/>
    <package name=".jest.mocks">
      <metrics statements="0" coveredstatements="0" conditionals="0" coveredconditionals="0" methods="0" coveredmethods="0"/>
      <file name="fileMock.js" path="D:\SENAI\curso-react\m3s09aula2-ilog\aula02-semana9-tests\.jest\mocks\fileMock.js">
        <metrics statements="0" coveredstatements="0" conditionals="0" coveredconditionals="0" methods="0" coveredmethods="0"/>
      </file>
    </package>
    <package name="src">
      <metrics statements="3" coveredstatements="3" conditionals="0" coveredconditionals="0" methods="3" coveredmethods="3"/>
      <file name="App.jsx" path="D:\SENAI\curso-react\m3s09aula2-ilog\aula02-semana9-tests\src\App.jsx">
        <metrics statements="3" coveredstatements="3" conditionals="0" coveredconditionals="0" methods="3" coveredmethods="3"/>
        <line num="7" count="5" type="stmt"/>
        <line num="9" count="5" type="stmt"/>
        <line num="22" count="1" type="stmt"/>
      </file>
    </package>
  </project>
</coverage>
