{"D:\\SENAI\\curso-react\\m3s09aula2-ilog\\aula02-semana9-tests\\.jest\\mocks\\fileMock.js": {"path":"D:\\SENAI\\curso-react\\m3s09aula2-ilog\\aula02-semana9-tests\\.jest\\mocks\\fileMock.js","statementMap":{},"fnMap":{},"branchMap":{},"s":{},"f":{},"b":{},"_coverageSchema":"1a1c01bbd47fc00a2c39e90264f33305004495a9","hash":"9e82631c1d4e80a065df089e317133d882934da8"}
,"D:\\SENAI\\curso-react\\m3s09aula2-ilog\\aula02-semana9-tests\\src\\App.jsx": {"path":"D:\\SENAI\\curso-react\\m3s09aula2-ilog\\aula02-semana9-tests\\src\\App.jsx","statementMap":{"0":{"start":{"line":7,"column":28},"end":{"line":7,"column":39}},"1":{"start":{"line":9,"column":2},"end":{"line":33,"column":3}},"2":{"start":{"line":22,"column":31},"end":{"line":22,"column":61}},"3":{"start":{"line":22,"column":51},"end":{"line":22,"column":60}}},"fnMap":{"0":{"name":"App","decl":{"start":{"line":6,"column":9},"end":{"line":6,"column":12}},"loc":{"start":{"line":6,"column":15},"end":{"line":34,"column":1}},"line":6},"1":{"name":"(anonymous_1)","decl":{"start":{"line":22,"column":25},"end":{"line":22,"column":26}},"loc":{"start":{"line":22,"column":31},"end":{"line":22,"column":61}},"line":22},"2":{"name":"(anonymous_2)","decl":{"start":{"line":22,"column":40},"end":{"line":22,"column":41}},"loc":{"start":{"line":22,"column":51},"end":{"line":22,"column":60}},"line":22}},"branchMap":{},"s":{"0":5,"1":5,"2":1,"3":1},"f":{"0":5,"1":1,"2":1},"b":{},"_coverageSchema":"1a1c01bbd47fc00a2c39e90264f33305004495a9","hash":"63e64734c248278b44d0674ed34c802ff690ca66"}
}
